<?xml version="1.0" encoding="UTF-8"?>
<!-- Generated by org.testng.reporters.JUnitReportReporter -->
<testsuite hostname="LAPTOP-3FKK9Q1I" failures="0" tests="1" name="MakeUpKartcart.com.SeleniumDeignsFramework.Tests.ErrorValidation" time="16.818" errors="0" timestamp="06 Jun 2024 07:58:41 GMT" skipped="0">
  <testcase classname="MakeUpKartcart.com.SeleniumDeignsFramework.Tests.ErrorValidation" name="submitOrders" time="16.818"/>
</testsuite> <!-- MakeUpKartcart.com.SeleniumDeignsFramework.Tests.ErrorValidation -->
