<?xml version="1.0" encoding="UTF-8"?>
<!-- Generated by org.testng.reporters.JUnitReportReporter -->
<testsuite hostname="LAPTOP-3FKK9Q1I" failures="0" tests="1" name="MakeUpKartcart.com.SeleniumDeignsFramework.Tests.AppTest" time="0.050" errors="0" timestamp="11 Jun 2024 08:02:55 GMT" skipped="0">
  <testcase classname="MakeUpKartcart.com.SeleniumDeignsFramework.Tests.AppTest" name="shouldAnswerWithTrue" time="0.050"/>
</testsuite> <!-- MakeUpKartcart.com.SeleniumDeignsFramework.Tests.AppTest -->
